This file contains any messages produced by compilers while
running configure, to aid debugging if configure makes a mistake.

It was created by libtorrent configure 0.10.4, which was
generated by GNU Autoconf 2.59.  Invocation command line was

  $ ./configure --prefix=/usr

## --------- ##
## Platform. ##
## --------- ##

hostname = lappy
uname -m = i686
uname -r = 2.6.20-15-generic
uname -s = Linux
uname -v = #2 SMP Sun Apr 15 07:36:31 UTC 2007

/usr/bin/uname -p = unknown
/bin/uname -X     = unknown

/bin/arch              = i686
/usr/bin/arch -k       = unknown
/usr/convex/getsysinfo = unknown
hostinfo               = unknown
/bin/machine           = unknown
/usr/bin/oslevel       = unknown
/bin/universe          = unknown

PATH: /usr/local/sbin
PATH: /usr/local/bin
PATH: /usr/sbin
PATH: /usr/bin
PATH: /sbin
PATH: /bin
PATH: /usr/games


## ----------- ##
## Core tests. ##
## ----------- ##

configure:1590: checking for a BSD-compatible install
configure:1645: result: /usr/bin/install -c
configure:1656: checking whether build environment is sane
configure:1699: result: yes
configure:1764: checking for gawk
configure:1780: found /usr/bin/gawk
configure:1790: result: gawk
configure:1800: checking whether make sets $(MAKE)
configure:1820: result: yes
configure:2095: checking build system type
configure:2113: result: i686-pc-linux-gnu
configure:2121: checking host system type
configure:2135: result: i686-pc-linux-gnu
configure:2155: checking for style of include used by make
configure:2183: result: GNU
configure:2254: checking for gcc
configure:2270: found /usr/bin/gcc
configure:2280: result: gcc
configure:2524: checking for C compiler version
configure:2527: gcc --version </dev/null >&5
gcc (GCC) 4.1.2 (Ubuntu 4.1.2-0ubuntu4)
Copyright (C) 2006 Free Software Foundation, Inc.
This is free software; see the source for copying conditions.  There is NO
warranty; not even for MERCHANTABILITY or FITNESS FOR A PARTICULAR PURPOSE.

configure:2530: $? = 0
configure:2532: gcc -v </dev/null >&5
Using built-in specs.
Target: i486-linux-gnu
Configured with: ../src/configure -v --enable-languages=c,c++,fortran,objc,obj-c++,treelang --prefix=/usr --enable-shared --with-system-zlib --libexecdir=/usr/lib --without-included-gettext --enable-threads=posix --enable-nls --program-suffix=-4.1 --enable-__cxa_atexit --enable-clocale=gnu --enable-libstdcxx-debug --enable-mpfr --enable-checking=release i486-linux-gnu
Thread model: posix
gcc version 4.1.2 (Ubuntu 4.1.2-0ubuntu4)
configure:2535: $? = 0
configure:2537: gcc -V </dev/null >&5
gcc: '-V' option must have argument
configure:2540: $? = 1
configure:2563: checking for C compiler default output file name
configure:2566: gcc    conftest.c  >&5
configure:2569: $? = 0
configure:2615: result: a.out
configure:2620: checking whether the C compiler works
configure:2626: ./a.out
configure:2629: $? = 0
configure:2646: result: yes
configure:2653: checking whether we are cross compiling
configure:2655: result: no
configure:2658: checking for suffix of executables
configure:2660: gcc -o conftest    conftest.c  >&5
configure:2663: $? = 0
configure:2688: result: 
configure:2694: checking for suffix of object files
configure:2715: gcc -c   conftest.c >&5
configure:2718: $? = 0
configure:2740: result: o
configure:2744: checking whether we are using the GNU C compiler
configure:2768: gcc -c   conftest.c >&5
configure:2774: $? = 0
configure:2778: test -z 
			 || test ! -s conftest.err
configure:2781: $? = 0
configure:2784: test -s conftest.o
configure:2787: $? = 0
configure:2800: result: yes
configure:2806: checking whether gcc accepts -g
configure:2827: gcc -c -g  conftest.c >&5
configure:2833: $? = 0
configure:2837: test -z 
			 || test ! -s conftest.err
configure:2840: $? = 0
configure:2843: test -s conftest.o
configure:2846: $? = 0
configure:2857: result: yes
configure:2874: checking for gcc option to accept ANSI C
configure:2944: gcc  -c -g -O2  conftest.c >&5
configure:2950: $? = 0
configure:2954: test -z 
			 || test ! -s conftest.err
configure:2957: $? = 0
configure:2960: test -s conftest.o
configure:2963: $? = 0
configure:2981: result: none needed
configure:2999: gcc -c -g -O2  conftest.c >&5
conftest.c:2: error: expected '=', ',', ';', 'asm' or '__attribute__' before 'me'
configure:3005: $? = 1
configure: failed program was:
| #ifndef __cplusplus
|   choke me
| #endif
configure:3140: checking dependency style of gcc
configure:3230: result: gcc3
configure:3247: checking for a sed that does not truncate output
configure:3301: result: /bin/sed
configure:3304: checking for egrep
configure:3314: result: grep -E
configure:3330: checking for ld used by gcc
configure:3397: result: /usr/bin/ld
configure:3406: checking if the linker (/usr/bin/ld) is GNU ld
configure:3421: result: yes
configure:3426: checking for /usr/bin/ld option to reload object files
configure:3433: result: -r
configure:3442: checking for BSD-compatible nm
configure:3484: result: /usr/bin/nm -B
configure:3488: checking whether ln -s works
configure:3492: result: yes
configure:3499: checking how to recognise dependent libraries
configure:3682: result: pass_all
configure:3896: checking how to run the C preprocessor
configure:3931: gcc -E  conftest.c
configure:3937: $? = 0
configure:3969: gcc -E  conftest.c
conftest.c:12:28: error: ac_nonexistent.h: No such file or directory
configure:3975: $? = 1
configure: failed program was:
| /* confdefs.h.  */
| 
| #define PACKAGE_NAME "libtorrent"
| #define PACKAGE_TARNAME "libtorrent"
| #define PACKAGE_VERSION "0.10.4"
| #define PACKAGE_STRING "libtorrent 0.10.4"
| #define PACKAGE_BUGREPORT "jaris@ifi.uio.no"
| #define PEER_NAME "-lt0A40-"
| #define PACKAGE "libtorrent"
| #define VERSION "0.10.4"
| /* end confdefs.h.  */
| #include <ac_nonexistent.h>
configure:4014: result: gcc -E
configure:4038: gcc -E  conftest.c
configure:4044: $? = 0
configure:4076: gcc -E  conftest.c
conftest.c:12:28: error: ac_nonexistent.h: No such file or directory
configure:4082: $? = 1
configure: failed program was:
| /* confdefs.h.  */
| 
| #define PACKAGE_NAME "libtorrent"
| #define PACKAGE_TARNAME "libtorrent"
| #define PACKAGE_VERSION "0.10.4"
| #define PACKAGE_STRING "libtorrent 0.10.4"
| #define PACKAGE_BUGREPORT "jaris@ifi.uio.no"
| #define PEER_NAME "-lt0A40-"
| #define PACKAGE "libtorrent"
| #define VERSION "0.10.4"
| /* end confdefs.h.  */
| #include <ac_nonexistent.h>
configure:4126: checking for ANSI C header files
configure:4151: gcc -c -g -O2  conftest.c >&5
configure:4157: $? = 0
configure:4161: test -z 
			 || test ! -s conftest.err
configure:4164: $? = 0
configure:4167: test -s conftest.o
configure:4170: $? = 0
configure:4259: gcc -o conftest -g -O2   conftest.c  >&5
conftest.c: In function 'main':
conftest.c:29: warning: incompatible implicit declaration of built-in function 'exit'
configure:4262: $? = 0
configure:4264: ./conftest
configure:4267: $? = 0
configure:4282: result: yes
configure:4306: checking for sys/types.h
configure:4322: gcc -c -g -O2  conftest.c >&5
configure:4328: $? = 0
configure:4332: test -z 
			 || test ! -s conftest.err
configure:4335: $? = 0
configure:4338: test -s conftest.o
configure:4341: $? = 0
configure:4352: result: yes
configure:4306: checking for sys/stat.h
configure:4322: gcc -c -g -O2  conftest.c >&5
configure:4328: $? = 0
configure:4332: test -z 
			 || test ! -s conftest.err
configure:4335: $? = 0
configure:4338: test -s conftest.o
configure:4341: $? = 0
configure:4352: result: yes
configure:4306: checking for stdlib.h
configure:4322: gcc -c -g -O2  conftest.c >&5
configure:4328: $? = 0
configure:4332: test -z 
			 || test ! -s conftest.err
configure:4335: $? = 0
configure:4338: test -s conftest.o
configure:4341: $? = 0
configure:4352: result: yes
configure:4306: checking for string.h
configure:4322: gcc -c -g -O2  conftest.c >&5
configure:4328: $? = 0
configure:4332: test -z 
			 || test ! -s conftest.err
configure:4335: $? = 0
configure:4338: test -s conftest.o
configure:4341: $? = 0
configure:4352: result: yes
configure:4306: checking for memory.h
configure:4322: gcc -c -g -O2  conftest.c >&5
configure:4328: $? = 0
configure:4332: test -z 
			 || test ! -s conftest.err
configure:4335: $? = 0
configure:4338: test -s conftest.o
configure:4341: $? = 0
configure:4352: result: yes
configure:4306: checking for strings.h
configure:4322: gcc -c -g -O2  conftest.c >&5
configure:4328: $? = 0
configure:4332: test -z 
			 || test ! -s conftest.err
configure:4335: $? = 0
configure:4338: test -s conftest.o
configure:4341: $? = 0
configure:4352: result: yes
configure:4306: checking for inttypes.h
configure:4322: gcc -c -g -O2  conftest.c >&5
configure:4328: $? = 0
configure:4332: test -z 
			 || test ! -s conftest.err
configure:4335: $? = 0
configure:4338: test -s conftest.o
configure:4341: $? = 0
configure:4352: result: yes
configure:4306: checking for stdint.h
configure:4322: gcc -c -g -O2  conftest.c >&5
configure:4328: $? = 0
configure:4332: test -z 
			 || test ! -s conftest.err
configure:4335: $? = 0
configure:4338: test -s conftest.o
configure:4341: $? = 0
configure:4352: result: yes
configure:4306: checking for unistd.h
configure:4322: gcc -c -g -O2  conftest.c >&5
configure:4328: $? = 0
configure:4332: test -z 
			 || test ! -s conftest.err
configure:4335: $? = 0
configure:4338: test -s conftest.o
configure:4341: $? = 0
configure:4352: result: yes
configure:4378: checking dlfcn.h usability
configure:4390: gcc -c -g -O2  conftest.c >&5
configure:4396: $? = 0
configure:4400: test -z 
			 || test ! -s conftest.err
configure:4403: $? = 0
configure:4406: test -s conftest.o
configure:4409: $? = 0
configure:4419: result: yes
configure:4423: checking dlfcn.h presence
configure:4433: gcc -E  conftest.c
configure:4439: $? = 0
configure:4459: result: yes
configure:4494: checking for dlfcn.h
configure:4501: result: yes
configure:4566: checking for g++
configure:4582: found /usr/bin/g++
configure:4592: result: g++
configure:4608: checking for C++ compiler version
configure:4611: g++ --version </dev/null >&5
g++ (GCC) 4.1.2 (Ubuntu 4.1.2-0ubuntu4)
Copyright (C) 2006 Free Software Foundation, Inc.
This is free software; see the source for copying conditions.  There is NO
warranty; not even for MERCHANTABILITY or FITNESS FOR A PARTICULAR PURPOSE.

configure:4614: $? = 0
configure:4616: g++ -v </dev/null >&5
Using built-in specs.
Target: i486-linux-gnu
Configured with: ../src/configure -v --enable-languages=c,c++,fortran,objc,obj-c++,treelang --prefix=/usr --enable-shared --with-system-zlib --libexecdir=/usr/lib --without-included-gettext --enable-threads=posix --enable-nls --program-suffix=-4.1 --enable-__cxa_atexit --enable-clocale=gnu --enable-libstdcxx-debug --enable-mpfr --enable-checking=release i486-linux-gnu
Thread model: posix
gcc version 4.1.2 (Ubuntu 4.1.2-0ubuntu4)
configure:4619: $? = 0
configure:4621: g++ -V </dev/null >&5
g++: '-V' option must have argument
configure:4624: $? = 1
configure:4627: checking whether we are using the GNU C++ compiler
configure:4651: g++ -c   conftest.cc >&5
configure:4657: $? = 0
configure:4661: test -z 
			 || test ! -s conftest.err
configure:4664: $? = 0
configure:4667: test -s conftest.o
configure:4670: $? = 0
configure:4683: result: yes
configure:4689: checking whether g++ accepts -g
configure:4710: g++ -c -g  conftest.cc >&5
configure:4716: $? = 0
configure:4720: test -z 
			 || test ! -s conftest.err
configure:4723: $? = 0
configure:4726: test -s conftest.o
configure:4729: $? = 0
configure:4740: result: yes
configure:4782: g++ -c -g -O2  conftest.cc >&5
configure:4788: $? = 0
configure:4792: test -z 
			 || test ! -s conftest.err
configure:4795: $? = 0
configure:4798: test -s conftest.o
configure:4801: $? = 0
configure:4827: g++ -c -g -O2  conftest.cc >&5
conftest.cc: In function 'int main()':
conftest.cc:27: error: 'exit' was not declared in this scope
configure:4833: $? = 1
configure: failed program was:
| /* confdefs.h.  */
| 
| #define PACKAGE_NAME "libtorrent"
| #define PACKAGE_TARNAME "libtorrent"
| #define PACKAGE_VERSION "0.10.4"
| #define PACKAGE_STRING "libtorrent 0.10.4"
| #define PACKAGE_BUGREPORT "jaris@ifi.uio.no"
| #define PEER_NAME "-lt0A40-"
| #define PACKAGE "libtorrent"
| #define VERSION "0.10.4"
| #define STDC_HEADERS 1
| #define HAVE_SYS_TYPES_H 1
| #define HAVE_SYS_STAT_H 1
| #define HAVE_STDLIB_H 1
| #define HAVE_STRING_H 1
| #define HAVE_MEMORY_H 1
| #define HAVE_STRINGS_H 1
| #define HAVE_INTTYPES_H 1
| #define HAVE_STDINT_H 1
| #define HAVE_UNISTD_H 1
| #define HAVE_DLFCN_H 1
| /* end confdefs.h.  */
| 
| int
| main ()
| {
| exit (42);
|   ;
|   return 0;
| }
configure:4782: g++ -c -g -O2  conftest.cc >&5
configure:4788: $? = 0
configure:4792: test -z 
			 || test ! -s conftest.err
configure:4795: $? = 0
configure:4798: test -s conftest.o
configure:4801: $? = 0
configure:4827: g++ -c -g -O2  conftest.cc >&5
configure:4833: $? = 0
configure:4837: test -z 
			 || test ! -s conftest.err
configure:4840: $? = 0
configure:4843: test -s conftest.o
configure:4846: $? = 0
configure:4871: checking dependency style of g++
configure:4961: result: gcc3
configure:4983: checking how to run the C++ preprocessor
configure:5014: g++ -E  conftest.cc
configure:5020: $? = 0
configure:5052: g++ -E  conftest.cc
conftest.cc:26:28: error: ac_nonexistent.h: No such file or directory
configure:5058: $? = 1
configure: failed program was:
| /* confdefs.h.  */
| 
| #define PACKAGE_NAME "libtorrent"
| #define PACKAGE_TARNAME "libtorrent"
| #define PACKAGE_VERSION "0.10.4"
| #define PACKAGE_STRING "libtorrent 0.10.4"
| #define PACKAGE_BUGREPORT "jaris@ifi.uio.no"
| #define PEER_NAME "-lt0A40-"
| #define PACKAGE "libtorrent"
| #define VERSION "0.10.4"
| #define STDC_HEADERS 1
| #define HAVE_SYS_TYPES_H 1
| #define HAVE_SYS_STAT_H 1
| #define HAVE_STDLIB_H 1
| #define HAVE_STRING_H 1
| #define HAVE_MEMORY_H 1
| #define HAVE_STRINGS_H 1
| #define HAVE_INTTYPES_H 1
| #define HAVE_STDINT_H 1
| #define HAVE_UNISTD_H 1
| #define HAVE_DLFCN_H 1
| #ifdef __cplusplus
| extern "C" void std::exit (int) throw (); using std::exit;
| #endif
| /* end confdefs.h.  */
| #include <ac_nonexistent.h>
configure:5097: result: g++ -E
configure:5121: g++ -E  conftest.cc
configure:5127: $? = 0
configure:5159: g++ -E  conftest.cc
conftest.cc:26:28: error: ac_nonexistent.h: No such file or directory
configure:5165: $? = 1
configure: failed program was:
| /* confdefs.h.  */
| 
| #define PACKAGE_NAME "libtorrent"
| #define PACKAGE_TARNAME "libtorrent"
| #define PACKAGE_VERSION "0.10.4"
| #define PACKAGE_STRING "libtorrent 0.10.4"
| #define PACKAGE_BUGREPORT "jaris@ifi.uio.no"
| #define PEER_NAME "-lt0A40-"
| #define PACKAGE "libtorrent"
| #define VERSION "0.10.4"
| #define STDC_HEADERS 1
| #define HAVE_SYS_TYPES_H 1
| #define HAVE_SYS_STAT_H 1
| #define HAVE_STDLIB_H 1
| #define HAVE_STRING_H 1
| #define HAVE_MEMORY_H 1
| #define HAVE_STRINGS_H 1
| #define HAVE_INTTYPES_H 1
| #define HAVE_STDINT_H 1
| #define HAVE_UNISTD_H 1
| #define HAVE_DLFCN_H 1
| #ifdef __cplusplus
| extern "C" void std::exit (int) throw (); using std::exit;
| #endif
| /* end confdefs.h.  */
| #include <ac_nonexistent.h>
configure:5260: checking for g77
configure:5289: result: no
configure:5260: checking for f77
configure:5289: result: no
configure:5260: checking for xlf
configure:5289: result: no
configure:5260: checking for frt
configure:5289: result: no
configure:5260: checking for pgf77
configure:5289: result: no
configure:5260: checking for fort77
configure:5289: result: no
configure:5260: checking for fl32
configure:5289: result: no
configure:5260: checking for af77
configure:5289: result: no
configure:5260: checking for f90
configure:5289: result: no
configure:5260: checking for xlf90
configure:5289: result: no
configure:5260: checking for pgf90
configure:5289: result: no
configure:5260: checking for epcf90
configure:5289: result: no
configure:5260: checking for f95
configure:5289: result: no
configure:5260: checking for fort
configure:5289: result: no
configure:5260: checking for xlf95
configure:5289: result: no
configure:5260: checking for ifc
configure:5289: result: no
configure:5260: checking for efc
configure:5289: result: no
configure:5260: checking for pgf95
configure:5289: result: no
configure:5260: checking for lf95
configure:5289: result: no
configure:5260: checking for gfortran
configure:5289: result: no
configure:5301: checking for Fortran 77 compiler version
configure:5304:  --version </dev/null >&5
./configure: line 5305: --version: command not found
configure:5307: $? = 127
configure:5309:  -v </dev/null >&5
./configure: line 5310: -v: command not found
configure:5312: $? = 127
configure:5314:  -V </dev/null >&5
./configure: line 5315: -V: command not found
configure:5317: $? = 127
configure:5325: checking whether we are using the GNU Fortran 77 compiler
configure:5339:  -c  conftest.F >&5
./configure: line 5340: -c: command not found
configure:5345: $? = 127
configure: failed program was:
|       program main
| #ifndef __GNUC__
|        choke me
| #endif
| 
|       end
configure:5371: result: no
configure:5377: checking whether  accepts -g
configure:5389:  -c -g conftest.f >&5
./configure: line 5390: -c: command not found
configure:5395: $? = 127
configure: failed program was:
|       program main
| 
|       end
configure:5420: result: no
configure:5450: checking the maximum length of command line arguments
configure:5515: result: 32768
configure:5526: checking command to parse /usr/bin/nm -B output from gcc object
configure:5615: gcc -c -g -O2  conftest.c >&5
configure:5618: $? = 0
configure:5622: /usr/bin/nm -B conftest.o \| sed -n -e 's/^.*[ 	]\([ABCDGIRSTW][ABCDGIRSTW]*\)[ 	][ 	]*\(\)\([_A-Za-z][_A-Za-z0-9]*\)$/\1 \2\3 \3/p' \> conftest.nm
configure:5625: $? = 0
configure:5677: gcc -o conftest -g -O2   conftest.c conftstm.o >&5
configure:5680: $? = 0
configure:5718: result: ok
configure:5722: checking for objdir
configure:5737: result: .libs
configure:5827: checking for ar
configure:5843: found /usr/bin/ar
configure:5854: result: ar
configure:5907: checking for ranlib
configure:5923: found /usr/bin/ranlib
configure:5934: result: ranlib
configure:5987: checking for strip
configure:6003: found /usr/bin/strip
configure:6014: result: strip
configure:6276: checking if gcc static flag  works
configure:6299: result: yes
configure:6317: checking if gcc supports -fno-rtti -fno-exceptions
configure:6335: gcc -c -g -O2  -fno-rtti -fno-exceptions conftest.c >&5
cc1: warning: command line option "-fno-rtti" is valid for C++/ObjC++ but not for C
configure:6339: $? = 0
configure:6350: result: no
configure:6365: checking for gcc option to produce PIC
configure:6542: result: -fPIC
configure:6550: checking if gcc PIC flag -fPIC works
configure:6568: gcc -c -g -O2  -fPIC -DPIC conftest.c >&5
configure:6572: $? = 0
configure:6583: result: yes
configure:6607: checking if gcc supports -c -o file.o
configure:6628: gcc -c -g -O2  -o out/conftest2.o conftest.c >&5
configure:6632: $? = 0
configure:6652: result: yes
configure:6678: checking whether the gcc linker (/usr/bin/ld) supports shared libraries
configure:7526: result: yes
configure:7552: checking whether -lc should be explicitly linked in
configure:7557: gcc -c -g -O2  conftest.c >&5
configure:7560: $? = 0
configure:7574: gcc -shared conftest.o  -v -Wl,-soname -Wl,conftest -o conftest 2\>\&1 \| grep  -lc  \>/dev/null 2\>\&1
configure:7577: $? = 0
configure:7589: result: no
configure:7597: checking dynamic linker characteristics
configure:8158: result: GNU/Linux ld.so
configure:8162: checking how to hardcode library paths into programs
configure:8187: result: immediate
configure:8201: checking whether stripping libraries is possible
configure:8206: result: yes
configure:9036: checking if libtool supports shared libraries
configure:9038: result: yes
configure:9041: checking whether to build shared libraries
configure:9099: result: yes
configure:9102: checking whether to build static libraries
configure:9106: result: no
configure:9198: creating libtool
configure:9745: checking for ld used by g++
configure:9812: result: /usr/bin/ld
configure:9821: checking if the linker (/usr/bin/ld) is GNU ld
configure:9836: result: yes
configure:9887: checking whether the g++ linker (/usr/bin/ld) supports shared libraries
configure:10715: result: yes
configure:10733: g++ -c -g -O2  conftest.cc >&5
configure:10736: $? = 0
configure:10832: checking for g++ option to produce PIC
configure:11084: result: -fPIC
configure:11092: checking if g++ PIC flag -fPIC works
configure:11110: g++ -c -g -O2  -fPIC -DPIC conftest.cc >&5
configure:11114: $? = 0
configure:11125: result: yes
configure:11149: checking if g++ supports -c -o file.o
configure:11170: g++ -c -g -O2  -o out/conftest2.o conftest.cc >&5
configure:11174: $? = 0
configure:11194: result: yes
configure:11220: checking whether the g++ linker (/usr/bin/ld) supports shared libraries
configure:11245: result: yes
configure:11316: checking dynamic linker characteristics
configure:11877: result: GNU/Linux ld.so
configure:11881: checking how to hardcode library paths into programs
configure:11906: result: immediate
configure:11920: checking whether stripping libraries is possible
configure:11925: result: yes
configure:19203: checking whether byte ordering is bigendian
configure:19230: gcc -c -g -O2  conftest.c >&5
configure:19236: $? = 0
configure:19240: test -z 
			 || test ! -s conftest.err
configure:19243: $? = 0
configure:19246: test -s conftest.o
configure:19249: $? = 0
configure:19273: gcc -c -g -O2  conftest.c >&5
conftest.c: In function 'main':
conftest.c:33: error: 'not' undeclared (first use in this function)
conftest.c:33: error: (Each undeclared identifier is reported only once
conftest.c:33: error: for each function it appears in.)
conftest.c:33: error: expected ';' before 'big'
configure:19279: $? = 1
configure: failed program was:
| /* confdefs.h.  */
| 
| #define PACKAGE_NAME "libtorrent"
| #define PACKAGE_TARNAME "libtorrent"
| #define PACKAGE_VERSION "0.10.4"
| #define PACKAGE_STRING "libtorrent 0.10.4"
| #define PACKAGE_BUGREPORT "jaris@ifi.uio.no"
| #define PEER_NAME "-lt0A40-"
| #define PACKAGE "libtorrent"
| #define VERSION "0.10.4"
| #define STDC_HEADERS 1
| #define HAVE_SYS_TYPES_H 1
| #define HAVE_SYS_STAT_H 1
| #define HAVE_STDLIB_H 1
| #define HAVE_STRING_H 1
| #define HAVE_MEMORY_H 1
| #define HAVE_STRINGS_H 1
| #define HAVE_INTTYPES_H 1
| #define HAVE_STDINT_H 1
| #define HAVE_UNISTD_H 1
| #define HAVE_DLFCN_H 1
| #ifdef __cplusplus
| extern "C" void std::exit (int) throw (); using std::exit;
| #endif
| /* end confdefs.h.  */
| #include <sys/types.h>
| #include <sys/param.h>
| 
| int
| main ()
| {
| #if BYTE_ORDER != BIG_ENDIAN
|  not big endian
| #endif
| 
|   ;
|   return 0;
| }
configure:19414: result: no
configure:19453: checking the byte alignment
configure:19475: gcc -o conftest -g -O2   conftest.c  >&5
configure:19478: $? = 0
configure:19480: ./conftest
configure:19483: $? = 0
configure:19486: result: none needed
configure:19513: checking for user-defined CXXFLAGS
configure:19517: result: user-defined "-g -O2"
configure:19679: checking for C++ compiler version
configure:19682: g++ --version </dev/null >&5
g++ (GCC) 4.1.2 (Ubuntu 4.1.2-0ubuntu4)
Copyright (C) 2006 Free Software Foundation, Inc.
This is free software; see the source for copying conditions.  There is NO
warranty; not even for MERCHANTABILITY or FITNESS FOR A PARTICULAR PURPOSE.

configure:19685: $? = 0
configure:19687: g++ -v </dev/null >&5
Using built-in specs.
Target: i486-linux-gnu
Configured with: ../src/configure -v --enable-languages=c,c++,fortran,objc,obj-c++,treelang --prefix=/usr --enable-shared --with-system-zlib --libexecdir=/usr/lib --without-included-gettext --enable-threads=posix --enable-nls --program-suffix=-4.1 --enable-__cxa_atexit --enable-clocale=gnu --enable-libstdcxx-debug --enable-mpfr --enable-checking=release i486-linux-gnu
Thread model: posix
gcc version 4.1.2 (Ubuntu 4.1.2-0ubuntu4)
configure:19690: $? = 0
configure:19692: g++ -V </dev/null >&5
g++: '-V' option must have argument
configure:19695: $? = 1
configure:19698: checking whether we are using the GNU C++ compiler
configure:19754: result: yes
configure:19760: checking whether g++ accepts -g
configure:19811: result: yes
configure:19853: g++ -c -g -O2 -g -DDEBUG  conftest.cc >&5
configure:19859: $? = 0
configure:19863: test -z 
			 || test ! -s conftest.err
configure:19866: $? = 0
configure:19869: test -s conftest.o
configure:19872: $? = 0
configure:19898: g++ -c -g -O2 -g -DDEBUG  conftest.cc >&5
configure:19904: $? = 0
configure:19908: test -z 
			 || test ! -s conftest.err
configure:19911: $? = 0
configure:19914: test -s conftest.o
configure:19917: $? = 0
configure:19942: checking dependency style of g++
configure:20032: result: gcc3
configure:20056: checking for special C compiler options needed for large files
configure:20155: result: no
configure:20161: checking for _FILE_OFFSET_BITS value needed for large files
configure:20192: gcc -c -g -O2  conftest.c >&5
conftest.c:33: warning: left shift count >= width of type
conftest.c:33: warning: left shift count >= width of type
conftest.c:35: error: size of array 'off_t_is_large' is negative
configure:20198: $? = 1
configure: failed program was:
| /* confdefs.h.  */
| 
| #define PACKAGE_NAME "libtorrent"
| #define PACKAGE_TARNAME "libtorrent"
| #define PACKAGE_VERSION "0.10.4"
| #define PACKAGE_STRING "libtorrent 0.10.4"
| #define PACKAGE_BUGREPORT "jaris@ifi.uio.no"
| #define PEER_NAME "-lt0A40-"
| #define PACKAGE "libtorrent"
| #define VERSION "0.10.4"
| #define STDC_HEADERS 1
| #define HAVE_SYS_TYPES_H 1
| #define HAVE_SYS_STAT_H 1
| #define HAVE_STDLIB_H 1
| #define HAVE_STRING_H 1
| #define HAVE_MEMORY_H 1
| #define HAVE_STRINGS_H 1
| #define HAVE_INTTYPES_H 1
| #define HAVE_STDINT_H 1
| #define HAVE_UNISTD_H 1
| #define HAVE_DLFCN_H 1
| #ifdef __cplusplus
| extern "C" void std::exit (int) throw (); using std::exit;
| #endif
| #define IS_LITTLE_ENDIAN 1
| /* end confdefs.h.  */
| #include <sys/types.h>
|  /* Check that off_t can represent 2**63 - 1 correctly.
|     We can't simply define LARGE_OFF_T to be 9223372036854775807,
|     since some C++ compilers masquerading as C compilers
|     incorrectly reject 9223372036854775807.  */
| #define LARGE_OFF_T (((off_t) 1 << 62) - 1 + ((off_t) 1 << 62))
|   int off_t_is_large[(LARGE_OFF_T % 2147483629 == 721
| 		       && LARGE_OFF_T % 2147483647 == 1)
| 		      ? 1 : -1];
| int
| main ()
| {
| 
|   ;
|   return 0;
| }
configure:20245: gcc -c -g -O2  conftest.c >&5
configure:20251: $? = 0
configure:20255: test -z 
			 || test ! -s conftest.err
configure:20258: $? = 0
configure:20261: test -s conftest.o
configure:20264: $? = 0
configure:20276: result: 64
configure:20286: checking for _LARGE_FILES value needed for large files
configure:20317: gcc -c -g -O2  conftest.c >&5
configure:20323: $? = 0
configure:20327: test -z 
			 || test ! -s conftest.err
configure:20330: $? = 0
configure:20333: test -s conftest.o
configure:20336: $? = 0
configure:20401: result: no
configure:20496: checking for epoll support
configure:20508: gcc -c -g -O2  conftest.c >&5
configure:20514: $? = 0
configure:20518: test -z 
			 || test ! -s conftest.err
configure:20521: $? = 0
configure:20524: test -s conftest.o
configure:20527: $? = 0
configure:20535: result: yes
configure:20636: checking for long
configure:20660: gcc -c -g -O2  conftest.c >&5
configure:20666: $? = 0
configure:20670: test -z 
			 || test ! -s conftest.err
configure:20673: $? = 0
configure:20676: test -s conftest.o
configure:20679: $? = 0
configure:20690: result: yes
configure:20693: checking size of long
configure:21012: gcc -o conftest -g -O2   conftest.c  >&5
configure:21015: $? = 0
configure:21017: ./conftest
configure:21020: $? = 0
configure:21043: result: 4
configure:21354: checking sys/vfs.h usability
configure:21366: gcc -c -g -O2  conftest.c >&5
configure:21372: $? = 0
configure:21376: test -z 
			 || test ! -s conftest.err
configure:21379: $? = 0
configure:21382: test -s conftest.o
configure:21385: $? = 0
configure:21395: result: yes
configure:21399: checking sys/vfs.h presence
configure:21409: gcc -E  conftest.c
configure:21415: $? = 0
configure:21435: result: yes
configure:21470: checking for sys/vfs.h
configure:21477: result: yes
configure:21354: checking sys/statvfs.h usability
configure:21366: gcc -c -g -O2  conftest.c >&5
configure:21372: $? = 0
configure:21376: test -z 
			 || test ! -s conftest.err
configure:21379: $? = 0
configure:21382: test -s conftest.o
configure:21385: $? = 0
configure:21395: result: yes
configure:21399: checking sys/statvfs.h presence
configure:21409: gcc -E  conftest.c
configure:21415: $? = 0
configure:21435: result: yes
configure:21470: checking for sys/statvfs.h
configure:21477: result: yes
configure:21354: checking sys/statfs.h usability
configure:21366: gcc -c -g -O2  conftest.c >&5
configure:21372: $? = 0
configure:21376: test -z 
			 || test ! -s conftest.err
configure:21379: $? = 0
configure:21382: test -s conftest.o
configure:21385: $? = 0
configure:21395: result: yes
configure:21399: checking sys/statfs.h presence
configure:21409: gcc -E  conftest.c
configure:21415: $? = 0
configure:21435: result: yes
configure:21470: checking for sys/statfs.h
configure:21477: result: yes
configure:21491: checking for statvfs
configure:21524: gcc -o conftest -g -O2   conftest.c  >&5
configure:21530: $? = 0
configure:21534: test -z 
			 || test ! -s conftest.err
configure:21537: $? = 0
configure:21540: test -s conftest
configure:21543: $? = 0
configure:21576: result: ok
configure:22553: checking for pkg-config
configure:22571: found /usr/bin/pkg-config
configure:22584: result: /usr/bin/pkg-config
configure:22601: checking for openssl
configure:22605: result: yes
configure:22609: checking OPENSSL_CFLAGS
configure:22612: result:  
configure:22615: checking OPENSSL_LIBS
configure:22618: result: -lssl -lcrypto  
configure:22712: checking for sigc++-2.0
configure:22716: result: yes
configure:22720: checking STUFF_CFLAGS
configure:22723: result: -I/usr/include/sigc++-2.0 -I/usr/lib/sigc++-2.0/include  
configure:22726: checking STUFF_LIBS
configure:22729: result: -lsigc-2.0  
configure:22759: checking for madvise
configure:22769: gcc -c -g -O2  conftest.c >&5
configure:22775: $? = 0
configure:22779: test -z 
			 || test ! -s conftest.err
configure:22782: $? = 0
configure:22785: test -s conftest.o
configure:22788: $? = 0
configure:22791: result: yes
configure:22953: checking signedness of mincore parameter
configure:22963: g++ -c -g -O2 -g -DDEBUG   -I/usr/include/sigc++-2.0 -I/usr/lib/sigc++-2.0/include    conftest.cc >&5
configure:22969: $? = 0
configure:22973: test -z 
			 || test ! -s conftest.err
configure:22976: $? = 0
configure:22979: test -s conftest.o
configure:22982: $? = 0
configure:22995: result: unsigned
configure:23077: checking for proper overloaded template function disambiguation
configure:23087: g++ -c -g -O2 -g -DDEBUG   -I/usr/include/sigc++-2.0 -I/usr/lib/sigc++-2.0/include    conftest.cc >&5
configure:23093: $? = 0
configure:23097: test -z 
			 || test ! -s conftest.err
configure:23100: $? = 0
configure:23103: test -s conftest.o
configure:23106: $? = 0
configure:23109: result: yes
configure:23147: checking if compiler supports __attribute__((unused))
configure:23158: gcc -c -g -O2  conftest.c >&5
configure:23164: $? = 0
configure:23168: test -z 
			 || test ! -s conftest.err
configure:23171: $? = 0
configure:23174: test -s conftest.o
configure:23177: $? = 0
configure:23189: result: yes
configure:23338: creating ./config.status

## ---------------------- ##
## Running config.status. ##
## ---------------------- ##

This file was extended by libtorrent config.status 0.10.4, which was
generated by GNU Autoconf 2.59.  Invocation command line was

  CONFIG_FILES    = 
  CONFIG_HEADERS  = 
  CONFIG_LINKS    = 
  CONFIG_COMMANDS = 
  $ ./config.status 

on lappy

config.status:733: creating libtorrent.pc
config.status:733: creating Makefile
config.status:733: creating src/Makefile
config.status:733: creating src/torrent/Makefile
config.status:733: creating src/data/Makefile
config.status:733: creating src/download/Makefile
config.status:733: creating src/net/Makefile
config.status:733: creating src/protocol/Makefile
config.status:733: creating src/tracker/Makefile
config.status:733: creating src/utils/Makefile
config.status:837: creating config.h
config.status:1007: config.h is unchanged
config.status:1187: executing depfiles commands

## ---------------- ##
## Cache variables. ##
## ---------------- ##

ac_cv_build=i686-pc-linux-gnu
ac_cv_build_alias=i686-pc-linux-gnu
ac_cv_c_bigendian=no
ac_cv_c_compiler_gnu=yes
ac_cv_cxx_compiler_gnu=yes
ac_cv_env_CC_set=
ac_cv_env_CC_value=
ac_cv_env_CFLAGS_set=
ac_cv_env_CFLAGS_value=
ac_cv_env_CPPFLAGS_set=
ac_cv_env_CPPFLAGS_value=
ac_cv_env_CPP_set=
ac_cv_env_CPP_value=
ac_cv_env_CXXCPP_set=
ac_cv_env_CXXCPP_value=
ac_cv_env_CXXFLAGS_set=
ac_cv_env_CXXFLAGS_value=
ac_cv_env_CXX_set=
ac_cv_env_CXX_value=
ac_cv_env_F77_set=
ac_cv_env_F77_value=
ac_cv_env_FFLAGS_set=
ac_cv_env_FFLAGS_value=
ac_cv_env_LDFLAGS_set=
ac_cv_env_LDFLAGS_value=
ac_cv_env_build_alias_set=
ac_cv_env_build_alias_value=
ac_cv_env_host_alias_set=
ac_cv_env_host_alias_value=
ac_cv_env_target_alias_set=
ac_cv_env_target_alias_value=
ac_cv_exeext=
ac_cv_f77_compiler_gnu=no
ac_cv_header_dlfcn_h=yes
ac_cv_header_inttypes_h=yes
ac_cv_header_memory_h=yes
ac_cv_header_stdc=yes
ac_cv_header_stdint_h=yes
ac_cv_header_stdlib_h=yes
ac_cv_header_string_h=yes
ac_cv_header_strings_h=yes
ac_cv_header_sys_stat_h=yes
ac_cv_header_sys_statfs_h=yes
ac_cv_header_sys_statvfs_h=yes
ac_cv_header_sys_types_h=yes
ac_cv_header_sys_vfs_h=yes
ac_cv_header_unistd_h=yes
ac_cv_host=i686-pc-linux-gnu
ac_cv_host_alias=i686-pc-linux-gnu
ac_cv_objext=o
ac_cv_path_PKG_CONFIG=/usr/bin/pkg-config
ac_cv_path_install='/usr/bin/install -c'
ac_cv_prog_AWK=gawk
ac_cv_prog_CPP='gcc -E'
ac_cv_prog_CXXCPP='g++ -E'
ac_cv_prog_ac_ct_AR=ar
ac_cv_prog_ac_ct_CC=gcc
ac_cv_prog_ac_ct_CXX=g++
ac_cv_prog_ac_ct_RANLIB=ranlib
ac_cv_prog_ac_ct_STRIP=strip
ac_cv_prog_cc_g=yes
ac_cv_prog_cc_stdc=
ac_cv_prog_cxx_g=yes
ac_cv_prog_egrep='grep -E'
ac_cv_prog_f77_g=no
ac_cv_prog_make_make_set=yes
ac_cv_sizeof_long=4
ac_cv_sys_file_offset_bits=64
ac_cv_sys_large_files=no
ac_cv_sys_largefile_CC=no
ac_cv_type_long=yes
am_cv_CC_dependencies_compiler_type=gcc3
am_cv_CXX_dependencies_compiler_type=gcc3
cc_cv_attribute_unused=yes
lt_cv_deplibs_check_method=pass_all
lt_cv_file_magic_cmd='$MAGIC_CMD'
lt_cv_file_magic_test_file='/lib/libc.so.6 /lib/libc-2.5.so'
lt_cv_ld_reload_flag=-r
lt_cv_objdir=.libs
lt_cv_path_LD=/usr/bin/ld
lt_cv_path_LDCXX=/usr/bin/ld
lt_cv_path_NM='/usr/bin/nm -B'
lt_cv_path_SED=/bin/sed
lt_cv_prog_compiler_c_o=yes
lt_cv_prog_compiler_c_o_CXX=yes
lt_cv_prog_compiler_rtti_exceptions=no
lt_cv_prog_gnu_ld=yes
lt_cv_prog_gnu_ldcxx=yes
lt_cv_sys_global_symbol_pipe='sed -n -e '\''s/^.*[ 	]\([ABCDGIRSTW][ABCDGIRSTW]*\)[ 	][ 	]*\(\)\([_A-Za-z][_A-Za-z0-9]*\)$/\1 \2\3 \3/p'\'''
lt_cv_sys_global_symbol_to_c_name_address='sed -n -e '\''s/^: \([^ ]*\) $/  {\"\1\", (lt_ptr) 0},/p'\'' -e '\''s/^[BCDEGRST] \([^ ]*\) \([^ ]*\)$/  {"\2", (lt_ptr) \&\2},/p'\'''
lt_cv_sys_global_symbol_to_cdecl='sed -n -e '\''s/^. .* \(.*\)$/extern int \1;/p'\'''
lt_cv_sys_max_cmd_len=32768
lt_lt_cv_prog_compiler_c_o='"yes"'
lt_lt_cv_prog_compiler_c_o_CXX='"yes"'
lt_lt_cv_sys_global_symbol_pipe='"sed -n -e '\''s/^.*[ 	]\\([ABCDGIRSTW][ABCDGIRSTW]*\\)[ 	][ 	]*\\(\\)\\([_A-Za-z][_A-Za-z0-9]*\\)\$/\\1 \\2\\3 \\3/p'\''"'
lt_lt_cv_sys_global_symbol_to_c_name_address='"sed -n -e '\''s/^: \\([^ ]*\\) \$/  {\\\"\\1\\\", (lt_ptr) 0},/p'\'' -e '\''s/^[BCDEGRST] \\([^ ]*\\) \\([^ ]*\\)\$/  {\"\\2\", (lt_ptr) \\&\\2},/p'\''"'
lt_lt_cv_sys_global_symbol_to_cdecl='"sed -n -e '\''s/^. .* \\(.*\\)\$/extern int \\1;/p'\''"'

## ----------------- ##
## Output variables. ##
## ----------------- ##

ACLOCAL='${SHELL} /home/ultra/libtorrent-0.10.4/missing --run aclocal-1.9'
AMDEPBACKSLASH='\'
AMDEP_FALSE='#'
AMDEP_TRUE=''
AMTAR='${SHELL} /home/ultra/libtorrent-0.10.4/missing --run tar'
AR='ar'
AUTOCONF='${SHELL} /home/ultra/libtorrent-0.10.4/missing --run autoconf'
AUTOHEADER='${SHELL} /home/ultra/libtorrent-0.10.4/missing --run autoheader'
AUTOMAKE='${SHELL} /home/ultra/libtorrent-0.10.4/missing --run automake-1.9'
AWK='gawk'
CC='gcc'
CCDEPMODE='depmode=gcc3'
CFLAGS='-g -O2'
CPP='gcc -E'
CPPFLAGS=''
CXX='g++'
CXXCPP='g++ -E'
CXXDEPMODE='depmode=gcc3'
CXXFLAGS='-g -O2 -g -DDEBUG   -I/usr/include/sigc++-2.0 -I/usr/lib/sigc++-2.0/include  '
CYGPATH_W='echo'
DEFS='-DHAVE_CONFIG_H'
DEPDIR='.deps'
ECHO='echo'
ECHO_C=''
ECHO_N='-n'
ECHO_T=''
EGREP='grep -E'
EXEEXT=''
F77=''
FFLAGS=''
INSTALL_DATA='${INSTALL} -m 644'
INSTALL_PROGRAM='${INSTALL}'
INSTALL_SCRIPT='${INSTALL}'
INSTALL_STRIP_PROGRAM='${SHELL} $(install_sh) -c -s'
LDFLAGS=''
LIBOBJS=''
LIBS=' -lcrypto   -lsigc-2.0  '
LIBTOOL='$(SHELL) $(top_builddir)/libtool'
LIBTORRENT_CFLAGS=''
LIBTORRENT_CURRENT='9'
LIBTORRENT_INTERFACE_VERSION_INFO='9:0:0'
LIBTORRENT_INTERFACE_VERSION_NO='9.0.0'
LIBTORRENT_LIBS='-ltorrent'
LN_S='ln -s'
LTLIBOBJS=''
MAKEINFO='${SHELL} /home/ultra/libtorrent-0.10.4/missing --run makeinfo'
OBJEXT='o'
OPENSSL_CFLAGS=' '
OPENSSL_LIBS='-lssl -lcrypto  '
PACKAGE='libtorrent'
PACKAGE_BUGREPORT='jaris@ifi.uio.no'
PACKAGE_NAME='libtorrent'
PACKAGE_STRING='libtorrent 0.10.4'
PACKAGE_TARNAME='libtorrent'
PACKAGE_VERSION='0.10.4'
PATH_SEPARATOR=':'
PKG_CONFIG='/usr/bin/pkg-config'
RANLIB='ranlib'
SET_MAKE=''
SHELL='/bin/bash'
STRIP='strip'
STUFF_CFLAGS='-I/usr/include/sigc++-2.0 -I/usr/lib/sigc++-2.0/include  '
STUFF_LIBS='-lsigc-2.0  '
VERSION='0.10.4'
ac_ct_AR='ar'
ac_ct_CC='gcc'
ac_ct_CXX='g++'
ac_ct_F77=''
ac_ct_RANLIB='ranlib'
ac_ct_STRIP='strip'
am__fastdepCC_FALSE='#'
am__fastdepCC_TRUE=''
am__fastdepCXX_FALSE='#'
am__fastdepCXX_TRUE=''
am__include='include'
am__leading_dot='.'
am__quote=''
am__tar='${AMTAR} chof - "$$tardir"'
am__untar='${AMTAR} xf -'
bindir='${exec_prefix}/bin'
build='i686-pc-linux-gnu'
build_alias=''
build_cpu='i686'
build_os='linux-gnu'
build_vendor='pc'
datadir='${prefix}/share'
exec_prefix='${prefix}'
host='i686-pc-linux-gnu'
host_alias=''
host_cpu='i686'
host_os='linux-gnu'
host_vendor='pc'
includedir='${prefix}/include'
infodir='${prefix}/info'
install_sh='/home/ultra/libtorrent-0.10.4/install-sh'
libdir='${exec_prefix}/lib'
libexecdir='${exec_prefix}/libexec'
localstatedir='${prefix}/var'
mandir='${prefix}/man'
mkdir_p='mkdir -p --'
oldincludedir='/usr/include'
prefix='/usr'
program_transform_name='s,x,x,'
sbindir='${exec_prefix}/sbin'
sharedstatedir='${prefix}/com'
sysconfdir='${prefix}/etc'
target_alias=''

## ----------- ##
## confdefs.h. ##
## ----------- ##

#define DEFAULT_ADDRESS_SPACE_SIZE 1024
#define FS_STAT_BLOCK_SIZE (m_stat.f_frsize)
#define FS_STAT_COUNT_TYPE fsblkcnt_t
#define FS_STAT_FD fstatvfs(fd, &m_stat) == 0
#define FS_STAT_FN statvfs(fn, &m_stat) == 0
#define FS_STAT_SIZE_TYPE unsigned long
#define FS_STAT_STRUCT struct statvfs
#define HAVE_CONFIG_H 1
#define HAVE_DLFCN_H 1
#define HAVE_INTTYPES_H 1
#define HAVE_MEMORY_H 1
#define HAVE_STDINT_H 1
#define HAVE_STDLIB_H 1
#define HAVE_STRINGS_H 1
#define HAVE_STRING_H 1
#define HAVE_SYS_STATFS_H 1
#define HAVE_SYS_STATVFS_H 1
#define HAVE_SYS_STAT_H 1
#define HAVE_SYS_TYPES_H 1
#define HAVE_SYS_VFS_H 1
#define HAVE_UNISTD_H 1
#define IS_LITTLE_ENDIAN 1
#define PACKAGE "libtorrent"
#define PACKAGE_BUGREPORT "jaris@ifi.uio.no"
#define PACKAGE_NAME "libtorrent"
#define PACKAGE_STRING "libtorrent 0.10.4"
#define PACKAGE_TARNAME "libtorrent"
#define PACKAGE_VERSION "0.10.4"
#define PEER_NAME "-lt0A40-"
#define SIZEOF_LONG 4
#define STDC_HEADERS 1
#define SUPPORT_ATTRIBUTE_UNUSED 1
#define USE_EPOLL 1
#define USE_MADVISE 1
#define USE_MINCORE 1
#define USE_MINCORE_UNSIGNED 1
#define USE_OPENSSL_SHA 1
#define VERSION "0.10.4"
#define _FILE_OFFSET_BITS 64
#define __UNUSED __attribute__((unused))
#endif
#ifdef __cplusplus
extern "C" void std::exit (int) throw (); using std::exit;

configure: exit 0
