This file contains any messages produced by compilers while
running configure, to aid debugging if configure makes a mistake.

It was created by rtorrent configure 0.6.4, which was
generated by GNU Autoconf 2.59.  Invocation command line was

  $ ./configure 

## --------- ##
## Platform. ##
## --------- ##

hostname = lappy
uname -m = i686
uname -r = 2.6.20-15-generic
uname -s = Linux
uname -v = #2 SMP Sun Apr 15 07:36:31 UTC 2007

/usr/bin/uname -p = unknown
/bin/uname -X     = unknown

/bin/arch              = i686
/usr/bin/arch -k       = unknown
/usr/convex/getsysinfo = unknown
hostinfo               = unknown
/bin/machine           = unknown
/usr/bin/oslevel       = unknown
/bin/universe          = unknown

PATH: /usr/local/sbin
PATH: /usr/local/bin
PATH: /usr/sbin
PATH: /usr/bin
PATH: /sbin
PATH: /bin
PATH: /usr/games


## ----------- ##
## Core tests. ##
## ----------- ##

configure:1560: checking for a BSD-compatible install
configure:1615: result: /usr/bin/install -c
configure:1626: checking whether build environment is sane
configure:1669: result: yes
configure:1734: checking for gawk
configure:1750: found /usr/bin/gawk
configure:1760: result: gawk
configure:1770: checking whether make sets $(MAKE)
configure:1790: result: yes
configure:1963: checking for user-defined CXXFLAGS
configure:1971: result: default "-O2 -Wall"
configure:2087: checking for g++
configure:2103: found /usr/bin/g++
configure:2113: result: g++
configure:2129: checking for C++ compiler version
configure:2132: g++ --version </dev/null >&5
g++ (GCC) 4.1.2 (Ubuntu 4.1.2-0ubuntu4)
Copyright (C) 2006 Free Software Foundation, Inc.
This is free software; see the source for copying conditions.  There is NO
warranty; not even for MERCHANTABILITY or FITNESS FOR A PARTICULAR PURPOSE.

configure:2135: $? = 0
configure:2137: g++ -v </dev/null >&5
Using built-in specs.
Target: i486-linux-gnu
Configured with: ../src/configure -v --enable-languages=c,c++,fortran,objc,obj-c++,treelang --prefix=/usr --enable-shared --with-system-zlib --libexecdir=/usr/lib --without-included-gettext --enable-threads=posix --enable-nls --program-suffix=-4.1 --enable-__cxa_atexit --enable-clocale=gnu --enable-libstdcxx-debug --enable-mpfr --enable-checking=release i486-linux-gnu
Thread model: posix
gcc version 4.1.2 (Ubuntu 4.1.2-0ubuntu4)
configure:2140: $? = 0
configure:2142: g++ -V </dev/null >&5
g++: '-V' option must have argument
configure:2145: $? = 1
configure:2168: checking for C++ compiler default output file name
configure:2171: g++ -O2 -Wall -g -DDEBUG   conftest.cc  >&5
configure:2174: $? = 0
configure:2220: result: a.out
configure:2225: checking whether the C++ compiler works
configure:2231: ./a.out
configure:2234: $? = 0
configure:2251: result: yes
configure:2258: checking whether we are cross compiling
configure:2260: result: no
configure:2263: checking for suffix of executables
configure:2265: g++ -o conftest -O2 -Wall -g -DDEBUG   conftest.cc  >&5
configure:2268: $? = 0
configure:2293: result: 
configure:2299: checking for suffix of object files
configure:2320: g++ -c -O2 -Wall -g -DDEBUG  conftest.cc >&5
configure:2323: $? = 0
configure:2345: result: o
configure:2349: checking whether we are using the GNU C++ compiler
configure:2373: g++ -c -O2 -Wall -g -DDEBUG  conftest.cc >&5
configure:2379: $? = 0
configure:2383: test -z 
			 || test ! -s conftest.err
configure:2386: $? = 0
configure:2389: test -s conftest.o
configure:2392: $? = 0
configure:2405: result: yes
configure:2411: checking whether g++ accepts -g
configure:2432: g++ -c -g  conftest.cc >&5
configure:2438: $? = 0
configure:2442: test -z 
			 || test ! -s conftest.err
configure:2445: $? = 0
configure:2448: test -s conftest.o
configure:2451: $? = 0
configure:2462: result: yes
configure:2504: g++ -c -O2 -Wall -g -DDEBUG  conftest.cc >&5
configure:2510: $? = 0
configure:2514: test -z 
			 || test ! -s conftest.err
configure:2517: $? = 0
configure:2520: test -s conftest.o
configure:2523: $? = 0
configure:2549: g++ -c -O2 -Wall -g -DDEBUG  conftest.cc >&5
conftest.cc: In function 'int main()':
conftest.cc:15: error: 'exit' was not declared in this scope
configure:2555: $? = 1
configure: failed program was:
| /* confdefs.h.  */
| 
| #define PACKAGE_NAME "rtorrent"
| #define PACKAGE_TARNAME "rtorrent"
| #define PACKAGE_VERSION "0.6.4"
| #define PACKAGE_STRING "rtorrent 0.6.4"
| #define PACKAGE_BUGREPORT "jaris@ifi.uio.no"
| #define PACKAGE "rtorrent"
| #define VERSION "0.6.4"
| /* end confdefs.h.  */
| 
| int
| main ()
| {
| exit (42);
|   ;
|   return 0;
| }
configure:2504: g++ -c -O2 -Wall -g -DDEBUG  conftest.cc >&5
configure:2510: $? = 0
configure:2514: test -z 
			 || test ! -s conftest.err
configure:2517: $? = 0
configure:2520: test -s conftest.o
configure:2523: $? = 0
configure:2549: g++ -c -O2 -Wall -g -DDEBUG  conftest.cc >&5
configure:2555: $? = 0
configure:2559: test -z 
			 || test ! -s conftest.err
configure:2562: $? = 0
configure:2565: test -s conftest.o
configure:2568: $? = 0
configure:2602: checking for style of include used by make
configure:2630: result: GNU
configure:2658: checking dependency style of g++
configure:2748: result: gcc3
configure:2843: checking build system type
configure:2861: result: i686-pc-linux-gnu
configure:2869: checking host system type
configure:2883: result: i686-pc-linux-gnu
configure:2937: checking for gcc
configure:2953: found /usr/bin/gcc
configure:2963: result: gcc
configure:3207: checking for C compiler version
configure:3210: gcc --version </dev/null >&5
gcc (GCC) 4.1.2 (Ubuntu 4.1.2-0ubuntu4)
Copyright (C) 2006 Free Software Foundation, Inc.
This is free software; see the source for copying conditions.  There is NO
warranty; not even for MERCHANTABILITY or FITNESS FOR A PARTICULAR PURPOSE.

configure:3213: $? = 0
configure:3215: gcc -v </dev/null >&5
Using built-in specs.
Target: i486-linux-gnu
Configured with: ../src/configure -v --enable-languages=c,c++,fortran,objc,obj-c++,treelang --prefix=/usr --enable-shared --with-system-zlib --libexecdir=/usr/lib --without-included-gettext --enable-threads=posix --enable-nls --program-suffix=-4.1 --enable-__cxa_atexit --enable-clocale=gnu --enable-libstdcxx-debug --enable-mpfr --enable-checking=release i486-linux-gnu
Thread model: posix
gcc version 4.1.2 (Ubuntu 4.1.2-0ubuntu4)
configure:3218: $? = 0
configure:3220: gcc -V </dev/null >&5
gcc: '-V' option must have argument
configure:3223: $? = 1
configure:3226: checking whether we are using the GNU C compiler
configure:3250: gcc -c   conftest.c >&5
configure:3256: $? = 0
configure:3260: test -z 
			 || test ! -s conftest.err
configure:3263: $? = 0
configure:3266: test -s conftest.o
configure:3269: $? = 0
configure:3282: result: yes
configure:3288: checking whether gcc accepts -g
configure:3309: gcc -c -g  conftest.c >&5
configure:3315: $? = 0
configure:3319: test -z 
			 || test ! -s conftest.err
configure:3322: $? = 0
configure:3325: test -s conftest.o
configure:3328: $? = 0
configure:3339: result: yes
configure:3356: checking for gcc option to accept ANSI C
configure:3426: gcc  -c -g -O2  conftest.c >&5
configure:3432: $? = 0
configure:3436: test -z 
			 || test ! -s conftest.err
configure:3439: $? = 0
configure:3442: test -s conftest.o
configure:3445: $? = 0
configure:3463: result: none needed
configure:3481: gcc -c -g -O2  conftest.c >&5
conftest.c:2: error: expected '=', ',', ';', 'asm' or '__attribute__' before 'me'
configure:3487: $? = 1
configure: failed program was:
| #ifndef __cplusplus
|   choke me
| #endif
configure:3622: checking dependency style of gcc
configure:3712: result: gcc3
configure:3729: checking for a sed that does not truncate output
configure:3783: result: /bin/sed
configure:3786: checking for egrep
configure:3796: result: grep -E
configure:3812: checking for ld used by gcc
configure:3879: result: /usr/bin/ld
configure:3888: checking if the linker (/usr/bin/ld) is GNU ld
configure:3903: result: yes
configure:3908: checking for /usr/bin/ld option to reload object files
configure:3915: result: -r
configure:3924: checking for BSD-compatible nm
configure:3966: result: /usr/bin/nm -B
configure:3970: checking whether ln -s works
configure:3974: result: yes
configure:3981: checking how to recognise dependent libraries
configure:4164: result: pass_all
configure:4378: checking how to run the C preprocessor
configure:4413: gcc -E  conftest.c
configure:4419: $? = 0
configure:4451: gcc -E  conftest.c
conftest.c:14:28: error: ac_nonexistent.h: No such file or directory
configure:4457: $? = 1
configure: failed program was:
| /* confdefs.h.  */
| 
| #define PACKAGE_NAME "rtorrent"
| #define PACKAGE_TARNAME "rtorrent"
| #define PACKAGE_VERSION "0.6.4"
| #define PACKAGE_STRING "rtorrent 0.6.4"
| #define PACKAGE_BUGREPORT "jaris@ifi.uio.no"
| #define PACKAGE "rtorrent"
| #define VERSION "0.6.4"
| #ifdef __cplusplus
| extern "C" void std::exit (int) throw (); using std::exit;
| #endif
| /* end confdefs.h.  */
| #include <ac_nonexistent.h>
configure:4496: result: gcc -E
configure:4520: gcc -E  conftest.c
configure:4526: $? = 0
configure:4558: gcc -E  conftest.c
conftest.c:14:28: error: ac_nonexistent.h: No such file or directory
configure:4564: $? = 1
configure: failed program was:
| /* confdefs.h.  */
| 
| #define PACKAGE_NAME "rtorrent"
| #define PACKAGE_TARNAME "rtorrent"
| #define PACKAGE_VERSION "0.6.4"
| #define PACKAGE_STRING "rtorrent 0.6.4"
| #define PACKAGE_BUGREPORT "jaris@ifi.uio.no"
| #define PACKAGE "rtorrent"
| #define VERSION "0.6.4"
| #ifdef __cplusplus
| extern "C" void std::exit (int) throw (); using std::exit;
| #endif
| /* end confdefs.h.  */
| #include <ac_nonexistent.h>
configure:4608: checking for ANSI C header files
configure:4633: gcc -c -g -O2  conftest.c >&5
configure:4639: $? = 0
configure:4643: test -z 
			 || test ! -s conftest.err
configure:4646: $? = 0
configure:4649: test -s conftest.o
configure:4652: $? = 0
configure:4741: gcc -o conftest -g -O2   conftest.c  >&5
conftest.c: In function 'main':
conftest.c:31: warning: incompatible implicit declaration of built-in function 'exit'
configure:4744: $? = 0
configure:4746: ./conftest
configure:4749: $? = 0
configure:4764: result: yes
configure:4788: checking for sys/types.h
configure:4804: gcc -c -g -O2  conftest.c >&5
configure:4810: $? = 0
configure:4814: test -z 
			 || test ! -s conftest.err
configure:4817: $? = 0
configure:4820: test -s conftest.o
configure:4823: $? = 0
configure:4834: result: yes
configure:4788: checking for sys/stat.h
configure:4804: gcc -c -g -O2  conftest.c >&5
configure:4810: $? = 0
configure:4814: test -z 
			 || test ! -s conftest.err
configure:4817: $? = 0
configure:4820: test -s conftest.o
configure:4823: $? = 0
configure:4834: result: yes
configure:4788: checking for stdlib.h
configure:4804: gcc -c -g -O2  conftest.c >&5
configure:4810: $? = 0
configure:4814: test -z 
			 || test ! -s conftest.err
configure:4817: $? = 0
configure:4820: test -s conftest.o
configure:4823: $? = 0
configure:4834: result: yes
configure:4788: checking for string.h
configure:4804: gcc -c -g -O2  conftest.c >&5
configure:4810: $? = 0
configure:4814: test -z 
			 || test ! -s conftest.err
configure:4817: $? = 0
configure:4820: test -s conftest.o
configure:4823: $? = 0
configure:4834: result: yes
configure:4788: checking for memory.h
configure:4804: gcc -c -g -O2  conftest.c >&5
configure:4810: $? = 0
configure:4814: test -z 
			 || test ! -s conftest.err
configure:4817: $? = 0
configure:4820: test -s conftest.o
configure:4823: $? = 0
configure:4834: result: yes
configure:4788: checking for strings.h
configure:4804: gcc -c -g -O2  conftest.c >&5
configure:4810: $? = 0
configure:4814: test -z 
			 || test ! -s conftest.err
configure:4817: $? = 0
configure:4820: test -s conftest.o
configure:4823: $? = 0
configure:4834: result: yes
configure:4788: checking for inttypes.h
configure:4804: gcc -c -g -O2  conftest.c >&5
configure:4810: $? = 0
configure:4814: test -z 
			 || test ! -s conftest.err
configure:4817: $? = 0
configure:4820: test -s conftest.o
configure:4823: $? = 0
configure:4834: result: yes
configure:4788: checking for stdint.h
configure:4804: gcc -c -g -O2  conftest.c >&5
configure:4810: $? = 0
configure:4814: test -z 
			 || test ! -s conftest.err
configure:4817: $? = 0
configure:4820: test -s conftest.o
configure:4823: $? = 0
configure:4834: result: yes
configure:4788: checking for unistd.h
configure:4804: gcc -c -g -O2  conftest.c >&5
configure:4810: $? = 0
configure:4814: test -z 
			 || test ! -s conftest.err
configure:4817: $? = 0
configure:4820: test -s conftest.o
configure:4823: $? = 0
configure:4834: result: yes
configure:4860: checking dlfcn.h usability
configure:4872: gcc -c -g -O2  conftest.c >&5
configure:4878: $? = 0
configure:4882: test -z 
			 || test ! -s conftest.err
configure:4885: $? = 0
configure:4888: test -s conftest.o
configure:4891: $? = 0
configure:4901: result: yes
configure:4905: checking dlfcn.h presence
configure:4915: gcc -E  conftest.c
configure:4921: $? = 0
configure:4941: result: yes
configure:4976: checking for dlfcn.h
configure:4983: result: yes
configure:5001: checking how to run the C++ preprocessor
configure:5032: g++ -E  conftest.cc
configure:5038: $? = 0
configure:5070: g++ -E  conftest.cc
conftest.cc:25:28: error: ac_nonexistent.h: No such file or directory
configure:5076: $? = 1
configure: failed program was:
| /* confdefs.h.  */
| 
| #define PACKAGE_NAME "rtorrent"
| #define PACKAGE_TARNAME "rtorrent"
| #define PACKAGE_VERSION "0.6.4"
| #define PACKAGE_STRING "rtorrent 0.6.4"
| #define PACKAGE_BUGREPORT "jaris@ifi.uio.no"
| #define PACKAGE "rtorrent"
| #define VERSION "0.6.4"
| #ifdef __cplusplus
| extern "C" void std::exit (int) throw (); using std::exit;
| #endif
| #define STDC_HEADERS 1
| #define HAVE_SYS_TYPES_H 1
| #define HAVE_SYS_STAT_H 1
| #define HAVE_STDLIB_H 1
| #define HAVE_STRING_H 1
| #define HAVE_MEMORY_H 1
| #define HAVE_STRINGS_H 1
| #define HAVE_INTTYPES_H 1
| #define HAVE_STDINT_H 1
| #define HAVE_UNISTD_H 1
| #define HAVE_DLFCN_H 1
| /* end confdefs.h.  */
| #include <ac_nonexistent.h>
configure:5115: result: g++ -E
configure:5139: g++ -E  conftest.cc
configure:5145: $? = 0
configure:5177: g++ -E  conftest.cc
conftest.cc:25:28: error: ac_nonexistent.h: No such file or directory
configure:5183: $? = 1
configure: failed program was:
| /* confdefs.h.  */
| 
| #define PACKAGE_NAME "rtorrent"
| #define PACKAGE_TARNAME "rtorrent"
| #define PACKAGE_VERSION "0.6.4"
| #define PACKAGE_STRING "rtorrent 0.6.4"
| #define PACKAGE_BUGREPORT "jaris@ifi.uio.no"
| #define PACKAGE "rtorrent"
| #define VERSION "0.6.4"
| #ifdef __cplusplus
| extern "C" void std::exit (int) throw (); using std::exit;
| #endif
| #define STDC_HEADERS 1
| #define HAVE_SYS_TYPES_H 1
| #define HAVE_SYS_STAT_H 1
| #define HAVE_STDLIB_H 1
| #define HAVE_STRING_H 1
| #define HAVE_MEMORY_H 1
| #define HAVE_STRINGS_H 1
| #define HAVE_INTTYPES_H 1
| #define HAVE_STDINT_H 1
| #define HAVE_UNISTD_H 1
| #define HAVE_DLFCN_H 1
| /* end confdefs.h.  */
| #include <ac_nonexistent.h>
configure:5278: checking for g77
configure:5307: result: no
configure:5278: checking for f77
configure:5307: result: no
configure:5278: checking for xlf
configure:5307: result: no
configure:5278: checking for frt
configure:5307: result: no
configure:5278: checking for pgf77
configure:5307: result: no
configure:5278: checking for fort77
configure:5307: result: no
configure:5278: checking for fl32
configure:5307: result: no
configure:5278: checking for af77
configure:5307: result: no
configure:5278: checking for f90
configure:5307: result: no
configure:5278: checking for xlf90
configure:5307: result: no
configure:5278: checking for pgf90
configure:5307: result: no
configure:5278: checking for epcf90
configure:5307: result: no
configure:5278: checking for f95
configure:5307: result: no
configure:5278: checking for fort
configure:5307: result: no
configure:5278: checking for xlf95
configure:5307: result: no
configure:5278: checking for ifc
configure:5307: result: no
configure:5278: checking for efc
configure:5307: result: no
configure:5278: checking for pgf95
configure:5307: result: no
configure:5278: checking for lf95
configure:5307: result: no
configure:5278: checking for gfortran
configure:5307: result: no
configure:5319: checking for Fortran 77 compiler version
configure:5322:  --version </dev/null >&5
./configure: line 5323: --version: command not found
configure:5325: $? = 127
configure:5327:  -v </dev/null >&5
./configure: line 5328: -v: command not found
configure:5330: $? = 127
configure:5332:  -V </dev/null >&5
./configure: line 5333: -V: command not found
configure:5335: $? = 127
configure:5343: checking whether we are using the GNU Fortran 77 compiler
configure:5357:  -c  conftest.F >&5
./configure: line 5358: -c: command not found
configure:5363: $? = 127
configure: failed program was:
|       program main
| #ifndef __GNUC__
|        choke me
| #endif
| 
|       end
configure:5389: result: no
configure:5395: checking whether  accepts -g
configure:5407:  -c -g conftest.f >&5
./configure: line 5408: -c: command not found
configure:5413: $? = 127
configure: failed program was:
|       program main
| 
|       end
configure:5438: result: no
configure:5468: checking the maximum length of command line arguments
configure:5533: result: 32768
configure:5544: checking command to parse /usr/bin/nm -B output from gcc object
configure:5633: gcc -c -g -O2  conftest.c >&5
configure:5636: $? = 0
configure:5640: /usr/bin/nm -B conftest.o \| sed -n -e 's/^.*[ 	]\([ABCDGIRSTW][ABCDGIRSTW]*\)[ 	][ 	]*\(\)\([_A-Za-z][_A-Za-z0-9]*\)$/\1 \2\3 \3/p' \> conftest.nm
configure:5643: $? = 0
configure:5695: gcc -o conftest -g -O2   conftest.c conftstm.o >&5
configure:5698: $? = 0
configure:5736: result: ok
configure:5740: checking for objdir
configure:5755: result: .libs
configure:5845: checking for ar
configure:5861: found /usr/bin/ar
configure:5872: result: ar
configure:5925: checking for ranlib
configure:5941: found /usr/bin/ranlib
configure:5952: result: ranlib
configure:6005: checking for strip
configure:6021: found /usr/bin/strip
configure:6032: result: strip
configure:6294: checking if gcc static flag  works
configure:6317: result: yes
configure:6335: checking if gcc supports -fno-rtti -fno-exceptions
configure:6353: gcc -c -g -O2  -fno-rtti -fno-exceptions conftest.c >&5
cc1: warning: command line option "-fno-rtti" is valid for C++/ObjC++ but not for C
configure:6357: $? = 0
configure:6368: result: no
configure:6383: checking for gcc option to produce PIC
configure:6560: result: -fPIC
configure:6568: checking if gcc PIC flag -fPIC works
configure:6586: gcc -c -g -O2  -fPIC -DPIC conftest.c >&5
configure:6590: $? = 0
configure:6601: result: yes
configure:6625: checking if gcc supports -c -o file.o
configure:6646: gcc -c -g -O2  -o out/conftest2.o conftest.c >&5
configure:6650: $? = 0
configure:6670: result: yes
configure:6696: checking whether the gcc linker (/usr/bin/ld) supports shared libraries
configure:7544: result: yes
configure:7570: checking whether -lc should be explicitly linked in
configure:7575: gcc -c -g -O2  conftest.c >&5
configure:7578: $? = 0
configure:7592: gcc -shared conftest.o  -v -Wl,-soname -Wl,conftest -o conftest 2\>\&1 \| grep  -lc  \>/dev/null 2\>\&1
configure:7595: $? = 0
configure:7607: result: no
configure:7615: checking dynamic linker characteristics
configure:8176: result: GNU/Linux ld.so
configure:8180: checking how to hardcode library paths into programs
configure:8205: result: immediate
configure:8219: checking whether stripping libraries is possible
configure:8224: result: yes
configure:9054: checking if libtool supports shared libraries
configure:9056: result: yes
configure:9059: checking whether to build shared libraries
configure:9117: result: yes
configure:9120: checking whether to build static libraries
configure:9124: result: yes
configure:9216: creating libtool
configure:9763: checking for ld used by g++
configure:9830: result: /usr/bin/ld
configure:9839: checking if the linker (/usr/bin/ld) is GNU ld
configure:9854: result: yes
configure:9905: checking whether the g++ linker (/usr/bin/ld) supports shared libraries
configure:10733: result: yes
configure:10751: g++ -c -O2 -Wall -g -DDEBUG  conftest.cc >&5
configure:10754: $? = 0
configure:10850: checking for g++ option to produce PIC
configure:11102: result: -fPIC
configure:11110: checking if g++ PIC flag -fPIC works
configure:11128: g++ -c -O2 -Wall -g -DDEBUG  -fPIC -DPIC conftest.cc >&5
configure:11132: $? = 0
configure:11143: result: yes
configure:11167: checking if g++ supports -c -o file.o
configure:11188: g++ -c -O2 -Wall -g -DDEBUG  -o out/conftest2.o conftest.cc >&5
configure:11192: $? = 0
configure:11212: result: yes
configure:11238: checking whether the g++ linker (/usr/bin/ld) supports shared libraries
configure:11263: result: yes
configure:11334: checking dynamic linker characteristics
configure:11895: result: GNU/Linux ld.so
configure:11899: checking how to hardcode library paths into programs
configure:11924: result: immediate
configure:11938: checking whether stripping libraries is possible
configure:11943: result: yes
configure:19227: checking for special C compiler options needed for large files
configure:19326: result: no
configure:19332: checking for _FILE_OFFSET_BITS value needed for large files
configure:19363: gcc -c -g -O2  conftest.c >&5
conftest.c:31: warning: left shift count >= width of type
conftest.c:31: warning: left shift count >= width of type
conftest.c:33: error: size of array 'off_t_is_large' is negative
configure:19369: $? = 1
configure: failed program was:
| /* confdefs.h.  */
| 
| #define PACKAGE_NAME "rtorrent"
| #define PACKAGE_TARNAME "rtorrent"
| #define PACKAGE_VERSION "0.6.4"
| #define PACKAGE_STRING "rtorrent 0.6.4"
| #define PACKAGE_BUGREPORT "jaris@ifi.uio.no"
| #define PACKAGE "rtorrent"
| #define VERSION "0.6.4"
| #ifdef __cplusplus
| extern "C" void std::exit (int) throw (); using std::exit;
| #endif
| #define STDC_HEADERS 1
| #define HAVE_SYS_TYPES_H 1
| #define HAVE_SYS_STAT_H 1
| #define HAVE_STDLIB_H 1
| #define HAVE_STRING_H 1
| #define HAVE_MEMORY_H 1
| #define HAVE_STRINGS_H 1
| #define HAVE_INTTYPES_H 1
| #define HAVE_STDINT_H 1
| #define HAVE_UNISTD_H 1
| #define HAVE_DLFCN_H 1
| /* end confdefs.h.  */
| #include <sys/types.h>
|  /* Check that off_t can represent 2**63 - 1 correctly.
|     We can't simply define LARGE_OFF_T to be 9223372036854775807,
|     since some C++ compilers masquerading as C compilers
|     incorrectly reject 9223372036854775807.  */
| #define LARGE_OFF_T (((off_t) 1 << 62) - 1 + ((off_t) 1 << 62))
|   int off_t_is_large[(LARGE_OFF_T % 2147483629 == 721
| 		       && LARGE_OFF_T % 2147483647 == 1)
| 		      ? 1 : -1];
| int
| main ()
| {
| 
|   ;
|   return 0;
| }
configure:19416: gcc -c -g -O2  conftest.c >&5
configure:19422: $? = 0
configure:19426: test -z 
			 || test ! -s conftest.err
configure:19429: $? = 0
configure:19432: test -s conftest.o
configure:19435: $? = 0
configure:19447: result: 64
configure:19457: checking for _LARGE_FILES value needed for large files
configure:19488: gcc -c -g -O2  conftest.c >&5
configure:19494: $? = 0
configure:19498: test -z 
			 || test ! -s conftest.err
configure:19501: $? = 0
configure:19504: test -s conftest.o
configure:19507: $? = 0
configure:19572: result: no
configure:19586: checking for execinfo.h
configure:19595: gcc -c -g -O2  conftest.c >&5
conftest.c: In function 'main':
conftest.c:2: warning: passing argument 1 of 'backtrace_symbols' from incompatible pointer type
configure:19601: $? = 0
configure:19605: test -z 
			 || test ! -s conftest.err
configure:19608: $? = 0
configure:19611: test -s conftest.o
configure:19614: $? = 0
configure:19617: result: yes
configure:19646: checking for curl >= 7.12.0
configure:19656: result: 7.15.5
configure:19686: checking for proper overloaded template function disambiguation
configure:19696: g++ -c -O2 -Wall -g -DDEBUG  conftest.cc >&5
configure:19702: $? = 0
configure:19706: test -z 
			 || test ! -s conftest.err
configure:19709: $? = 0
configure:19712: test -s conftest.o
configure:19715: $? = 0
configure:19718: result: yes
configure:20167: checking for library containing add_wch
configure:20197: gcc -o conftest -g -O2   conftest.c  >&5
/tmp/cc2besOm.o: In function `main':
/home/ultra/rtorrent-0.6.4/conftest.c:39: undefined reference to `add_wch'
collect2: ld returned 1 exit status
configure:20203: $? = 1
configure: failed program was:
| /* confdefs.h.  */
| 
| #define PACKAGE_NAME "rtorrent"
| #define PACKAGE_TARNAME "rtorrent"
| #define PACKAGE_VERSION "0.6.4"
| #define PACKAGE_STRING "rtorrent 0.6.4"
| #define PACKAGE_BUGREPORT "jaris@ifi.uio.no"
| #define PACKAGE "rtorrent"
| #define VERSION "0.6.4"
| #ifdef __cplusplus
| extern "C" void std::exit (int) throw (); using std::exit;
| #endif
| #define STDC_HEADERS 1
| #define HAVE_SYS_TYPES_H 1
| #define HAVE_SYS_STAT_H 1
| #define HAVE_STDLIB_H 1
| #define HAVE_STRING_H 1
| #define HAVE_MEMORY_H 1
| #define HAVE_STRINGS_H 1
| #define HAVE_INTTYPES_H 1
| #define HAVE_STDINT_H 1
| #define HAVE_UNISTD_H 1
| #define HAVE_DLFCN_H 1
| #define _FILE_OFFSET_BITS 64
| #define USE_EXECINFO 1
| #define USE_VARIABLE_FDSET 1
| /* end confdefs.h.  */
| 
| /* Override any gcc2 internal prototype to avoid an error.  */
| #ifdef __cplusplus
| extern "C"
| #endif
| /* We use char because int might match the return type of a gcc2
|    builtin and then its argument prototype would still apply.  */
| char add_wch ();
| int
| main ()
| {
| add_wch ();
|   ;
|   return 0;
| }
configure:20252: gcc -o conftest -g -O2   conftest.c -lncursesw   >&5
/usr/bin/ld: cannot find -lncursesw
collect2: ld returned 1 exit status
configure:20258: $? = 1
configure: failed program was:
| /* confdefs.h.  */
| 
| #define PACKAGE_NAME "rtorrent"
| #define PACKAGE_TARNAME "rtorrent"
| #define PACKAGE_VERSION "0.6.4"
| #define PACKAGE_STRING "rtorrent 0.6.4"
| #define PACKAGE_BUGREPORT "jaris@ifi.uio.no"
| #define PACKAGE "rtorrent"
| #define VERSION "0.6.4"
| #ifdef __cplusplus
| extern "C" void std::exit (int) throw (); using std::exit;
| #endif
| #define STDC_HEADERS 1
| #define HAVE_SYS_TYPES_H 1
| #define HAVE_SYS_STAT_H 1
| #define HAVE_STDLIB_H 1
| #define HAVE_STRING_H 1
| #define HAVE_MEMORY_H 1
| #define HAVE_STRINGS_H 1
| #define HAVE_INTTYPES_H 1
| #define HAVE_STDINT_H 1
| #define HAVE_UNISTD_H 1
| #define HAVE_DLFCN_H 1
| #define _FILE_OFFSET_BITS 64
| #define USE_EXECINFO 1
| #define USE_VARIABLE_FDSET 1
| /* end confdefs.h.  */
| 
| /* Override any gcc2 internal prototype to avoid an error.  */
| #ifdef __cplusplus
| extern "C"
| #endif
| /* We use char because int might match the return type of a gcc2
|    builtin and then its argument prototype would still apply.  */
| char add_wch ();
| int
| main ()
| {
| add_wch ();
|   ;
|   return 0;
| }
configure:20286: result: no
configure:20296: checking for library containing wbkgdset
configure:20326: gcc -o conftest -g -O2   conftest.c  >&5
/tmp/ccWDzC9o.o: In function `main':
/home/ultra/rtorrent-0.6.4/conftest.c:39: undefined reference to `wbkgdset'
collect2: ld returned 1 exit status
configure:20332: $? = 1
configure: failed program was:
| /* confdefs.h.  */
| 
| #define PACKAGE_NAME "rtorrent"
| #define PACKAGE_TARNAME "rtorrent"
| #define PACKAGE_VERSION "0.6.4"
| #define PACKAGE_STRING "rtorrent 0.6.4"
| #define PACKAGE_BUGREPORT "jaris@ifi.uio.no"
| #define PACKAGE "rtorrent"
| #define VERSION "0.6.4"
| #ifdef __cplusplus
| extern "C" void std::exit (int) throw (); using std::exit;
| #endif
| #define STDC_HEADERS 1
| #define HAVE_SYS_TYPES_H 1
| #define HAVE_SYS_STAT_H 1
| #define HAVE_STDLIB_H 1
| #define HAVE_STRING_H 1
| #define HAVE_MEMORY_H 1
| #define HAVE_STRINGS_H 1
| #define HAVE_INTTYPES_H 1
| #define HAVE_STDINT_H 1
| #define HAVE_UNISTD_H 1
| #define HAVE_DLFCN_H 1
| #define _FILE_OFFSET_BITS 64
| #define USE_EXECINFO 1
| #define USE_VARIABLE_FDSET 1
| /* end confdefs.h.  */
| 
| /* Override any gcc2 internal prototype to avoid an error.  */
| #ifdef __cplusplus
| extern "C"
| #endif
| /* We use char because int might match the return type of a gcc2
|    builtin and then its argument prototype would still apply.  */
| char wbkgdset ();
| int
| main ()
| {
| wbkgdset ();
|   ;
|   return 0;
| }
configure:20381: gcc -o conftest -g -O2   conftest.c -lncurses   >&5
configure:20387: $? = 0
configure:20391: test -z 
			 || test ! -s conftest.err
configure:20394: $? = 0
configure:20397: test -s conftest
configure:20400: $? = 0
configure:20415: result: -lncurses
configure:20716: checking sys/vfs.h usability
configure:20728: gcc -c -g -O2  conftest.c >&5
configure:20734: $? = 0
configure:20738: test -z 
			 || test ! -s conftest.err
configure:20741: $? = 0
configure:20744: test -s conftest.o
configure:20747: $? = 0
configure:20757: result: yes
configure:20761: checking sys/vfs.h presence
configure:20771: gcc -E  conftest.c
configure:20777: $? = 0
configure:20797: result: yes
configure:20832: checking for sys/vfs.h
configure:20839: result: yes
configure:20716: checking sys/statvfs.h usability
configure:20728: gcc -c -g -O2  conftest.c >&5
configure:20734: $? = 0
configure:20738: test -z 
			 || test ! -s conftest.err
configure:20741: $? = 0
configure:20744: test -s conftest.o
configure:20747: $? = 0
configure:20757: result: yes
configure:20761: checking sys/statvfs.h presence
configure:20771: gcc -E  conftest.c
configure:20777: $? = 0
configure:20797: result: yes
configure:20832: checking for sys/statvfs.h
configure:20839: result: yes
configure:20716: checking sys/statfs.h usability
configure:20728: gcc -c -g -O2  conftest.c >&5
configure:20734: $? = 0
configure:20738: test -z 
			 || test ! -s conftest.err
configure:20741: $? = 0
configure:20744: test -s conftest.o
configure:20747: $? = 0
configure:20757: result: yes
configure:20761: checking sys/statfs.h presence
configure:20771: gcc -E  conftest.c
configure:20777: $? = 0
configure:20797: result: yes
configure:20832: checking for sys/statfs.h
configure:20839: result: yes
configure:20853: checking for statvfs
configure:20886: gcc -o conftest -g -O2   conftest.c -lncurses  >&5
configure:20892: $? = 0
configure:20896: test -z 
			 || test ! -s conftest.err
configure:20899: $? = 0
configure:20902: test -s conftest
configure:20905: $? = 0
configure:20938: result: ok
configure:21562: checking for pkg-config
configure:21580: found /usr/bin/pkg-config
configure:21593: result: /usr/bin/pkg-config
configure:21610: checking for sigc++-2.0 libtorrent >= 0.10.1
configure:21614: result: yes
configure:21618: checking STUFF_CFLAGS
configure:21621: result: -I/usr/include/sigc++-2.0 -I/usr/lib/sigc++-2.0/include  
configure:21624: checking STUFF_LIBS
configure:21627: result: -lsigc-2.0 -ltorrent  
configure:21668: checking if compiler supports __attribute__((unused))
configure:21679: gcc -c -g -O2  conftest.c >&5
configure:21685: $? = 0
configure:21689: test -z 
			 || test ! -s conftest.err
configure:21692: $? = 0
configure:21695: test -s conftest.o
configure:21698: $? = 0
configure:21710: result: yes
configure:21852: creating ./config.status

## ---------------------- ##
## Running config.status. ##
## ---------------------- ##

This file was extended by rtorrent config.status 0.6.4, which was
generated by GNU Autoconf 2.59.  Invocation command line was

  CONFIG_FILES    = 
  CONFIG_HEADERS  = 
  CONFIG_LINKS    = 
  CONFIG_COMMANDS = 
  $ ./config.status 

on lappy

config.status:724: creating Makefile
config.status:724: creating doc/Makefile
config.status:724: creating src/Makefile
config.status:724: creating src/core/Makefile
config.status:724: creating src/display/Makefile
config.status:724: creating src/input/Makefile
config.status:724: creating src/ui/Makefile
config.status:724: creating src/utils/Makefile
config.status:828: creating config.h
config.status:1148: executing depfiles commands

## ---------------- ##
## Cache variables. ##
## ---------------- ##

ac_cv_build=i686-pc-linux-gnu
ac_cv_build_alias=i686-pc-linux-gnu
ac_cv_c_compiler_gnu=yes
ac_cv_cxx_compiler_gnu=yes
ac_cv_env_CC_set=
ac_cv_env_CC_value=
ac_cv_env_CFLAGS_set=
ac_cv_env_CFLAGS_value=
ac_cv_env_CPPFLAGS_set=
ac_cv_env_CPPFLAGS_value=
ac_cv_env_CPP_set=
ac_cv_env_CPP_value=
ac_cv_env_CXXCPP_set=
ac_cv_env_CXXCPP_value=
ac_cv_env_CXXFLAGS_set=
ac_cv_env_CXXFLAGS_value=
ac_cv_env_CXX_set=
ac_cv_env_CXX_value=
ac_cv_env_F77_set=
ac_cv_env_F77_value=
ac_cv_env_FFLAGS_set=
ac_cv_env_FFLAGS_value=
ac_cv_env_LDFLAGS_set=
ac_cv_env_LDFLAGS_value=
ac_cv_env_build_alias_set=
ac_cv_env_build_alias_value=
ac_cv_env_host_alias_set=
ac_cv_env_host_alias_value=
ac_cv_env_target_alias_set=
ac_cv_env_target_alias_value=
ac_cv_exeext=
ac_cv_f77_compiler_gnu=no
ac_cv_header_dlfcn_h=yes
ac_cv_header_inttypes_h=yes
ac_cv_header_memory_h=yes
ac_cv_header_stdc=yes
ac_cv_header_stdint_h=yes
ac_cv_header_stdlib_h=yes
ac_cv_header_string_h=yes
ac_cv_header_strings_h=yes
ac_cv_header_sys_stat_h=yes
ac_cv_header_sys_statfs_h=yes
ac_cv_header_sys_statvfs_h=yes
ac_cv_header_sys_types_h=yes
ac_cv_header_sys_vfs_h=yes
ac_cv_header_unistd_h=yes
ac_cv_host=i686-pc-linux-gnu
ac_cv_host_alias=i686-pc-linux-gnu
ac_cv_objext=o
ac_cv_path_PKG_CONFIG=/usr/bin/pkg-config
ac_cv_path_install='/usr/bin/install -c'
ac_cv_prog_AWK=gawk
ac_cv_prog_CPP='gcc -E'
ac_cv_prog_CXXCPP='g++ -E'
ac_cv_prog_ac_ct_AR=ar
ac_cv_prog_ac_ct_CC=gcc
ac_cv_prog_ac_ct_CXX=g++
ac_cv_prog_ac_ct_RANLIB=ranlib
ac_cv_prog_ac_ct_STRIP=strip
ac_cv_prog_cc_g=yes
ac_cv_prog_cc_stdc=
ac_cv_prog_cxx_g=yes
ac_cv_prog_egrep='grep -E'
ac_cv_prog_f77_g=no
ac_cv_prog_make_make_set=yes
ac_cv_search_add_wch=no
ac_cv_search_wbkgdset=-lncurses
ac_cv_sys_file_offset_bits=64
ac_cv_sys_large_files=no
ac_cv_sys_largefile_CC=no
am_cv_CC_dependencies_compiler_type=gcc3
am_cv_CXX_dependencies_compiler_type=gcc3
cc_cv_attribute_unused=yes
lt_cv_deplibs_check_method=pass_all
lt_cv_file_magic_cmd='$MAGIC_CMD'
lt_cv_file_magic_test_file='/lib/libc.so.6 /lib/libc-2.5.so'
lt_cv_ld_reload_flag=-r
lt_cv_objdir=.libs
lt_cv_path_LD=/usr/bin/ld
lt_cv_path_LDCXX=/usr/bin/ld
lt_cv_path_NM='/usr/bin/nm -B'
lt_cv_path_SED=/bin/sed
lt_cv_prog_compiler_c_o=yes
lt_cv_prog_compiler_c_o_CXX=yes
lt_cv_prog_compiler_rtti_exceptions=no
lt_cv_prog_gnu_ld=yes
lt_cv_prog_gnu_ldcxx=yes
lt_cv_sys_global_symbol_pipe='sed -n -e '\''s/^.*[ 	]\([ABCDGIRSTW][ABCDGIRSTW]*\)[ 	][ 	]*\(\)\([_A-Za-z][_A-Za-z0-9]*\)$/\1 \2\3 \3/p'\'''
lt_cv_sys_global_symbol_to_c_name_address='sed -n -e '\''s/^: \([^ ]*\) $/  {\"\1\", (lt_ptr) 0},/p'\'' -e '\''s/^[BCDEGRST] \([^ ]*\) \([^ ]*\)$/  {"\2", (lt_ptr) \&\2},/p'\'''
lt_cv_sys_global_symbol_to_cdecl='sed -n -e '\''s/^. .* \(.*\)$/extern int \1;/p'\'''
lt_cv_sys_max_cmd_len=32768
lt_lt_cv_prog_compiler_c_o='"yes"'
lt_lt_cv_prog_compiler_c_o_CXX='"yes"'
lt_lt_cv_sys_global_symbol_pipe='"sed -n -e '\''s/^.*[ 	]\\([ABCDGIRSTW][ABCDGIRSTW]*\\)[ 	][ 	]*\\(\\)\\([_A-Za-z][_A-Za-z0-9]*\\)\$/\\1 \\2\\3 \\3/p'\''"'
lt_lt_cv_sys_global_symbol_to_c_name_address='"sed -n -e '\''s/^: \\([^ ]*\\) \$/  {\\\"\\1\\\", (lt_ptr) 0},/p'\'' -e '\''s/^[BCDEGRST] \\([^ ]*\\) \\([^ ]*\\)\$/  {\"\\2\", (lt_ptr) \\&\\2},/p'\''"'
lt_lt_cv_sys_global_symbol_to_cdecl='"sed -n -e '\''s/^. .* \\(.*\\)\$/extern int \\1;/p'\''"'
my_cv_curl_vers=7.15.5

## ----------------- ##
## Output variables. ##
## ----------------- ##

ACLOCAL='${SHELL} /home/ultra/rtorrent-0.6.4/missing --run aclocal-1.9'
AMDEPBACKSLASH='\'
AMDEP_FALSE='#'
AMDEP_TRUE=''
AMTAR='${SHELL} /home/ultra/rtorrent-0.6.4/missing --run tar'
AR='ar'
AUTOCONF='${SHELL} /home/ultra/rtorrent-0.6.4/missing --run autoconf'
AUTOHEADER='${SHELL} /home/ultra/rtorrent-0.6.4/missing --run autoheader'
AUTOMAKE='${SHELL} /home/ultra/rtorrent-0.6.4/missing --run automake-1.9'
AWK='gawk'
CC='gcc'
CCDEPMODE='depmode=gcc3'
CFLAGS='-g -O2'
CPP='gcc -E'
CPPFLAGS=''
CXX='g++'
CXXCPP='g++ -E'
CXXDEPMODE='depmode=gcc3'
CXXFLAGS='-O2 -Wall -g -DDEBUG -I/usr/include/sigc++-2.0 -I/usr/lib/sigc++-2.0/include   '
CYGPATH_W='echo'
DEFS='-DHAVE_CONFIG_H'
DEPDIR='.deps'
ECHO='echo'
ECHO_C=''
ECHO_N='-n'
ECHO_T=''
EGREP='grep -E'
EXEEXT=''
F77=''
FFLAGS=''
INSTALL_DATA='${INSTALL} -m 644'
INSTALL_PROGRAM='${INSTALL}'
INSTALL_SCRIPT='${INSTALL}'
INSTALL_STRIP_PROGRAM='${SHELL} $(install_sh) -c -s'
LDFLAGS=''
LIBOBJS=''
LIBS='-lncurses  -lsigc-2.0 -ltorrent   -L/usr/lib -lcurl -L/usr/lib -lgssapi_krb5 -lkrb5 -lk5crypto -lcom_err -lkrb5support -lresolv -lidn -lssl -lcrypto -ldl -lssl -lcrypto -lz'
LIBTOOL='$(SHELL) $(top_builddir)/libtool'
LN_S='ln -s'
LTLIBOBJS=''
MAKEINFO='${SHELL} /home/ultra/rtorrent-0.6.4/missing --run makeinfo'
OBJEXT='o'
PACKAGE='rtorrent'
PACKAGE_BUGREPORT='jaris@ifi.uio.no'
PACKAGE_NAME='rtorrent'
PACKAGE_STRING='rtorrent 0.6.4'
PACKAGE_TARNAME='rtorrent'
PACKAGE_VERSION='0.6.4'
PATH_SEPARATOR=':'
PKG_CONFIG='/usr/bin/pkg-config'
RANLIB='ranlib'
SET_MAKE=''
SHELL='/bin/bash'
STRIP='strip'
STUFF_CFLAGS='-I/usr/include/sigc++-2.0 -I/usr/lib/sigc++-2.0/include  '
STUFF_LIBS='-lsigc-2.0 -ltorrent  '
VERSION='0.6.4'
ac_ct_AR='ar'
ac_ct_CC='gcc'
ac_ct_CXX='g++'
ac_ct_F77=''
ac_ct_RANLIB='ranlib'
ac_ct_STRIP='strip'
am__fastdepCC_FALSE='#'
am__fastdepCC_TRUE=''
am__fastdepCXX_FALSE='#'
am__fastdepCXX_TRUE=''
am__include='include'
am__leading_dot='.'
am__quote=''
am__tar='${AMTAR} chof - "$$tardir"'
am__untar='${AMTAR} xf -'
bindir='${exec_prefix}/bin'
build='i686-pc-linux-gnu'
build_alias=''
build_cpu='i686'
build_os='linux-gnu'
build_vendor='pc'
datadir='${prefix}/share'
exec_prefix='${prefix}'
host='i686-pc-linux-gnu'
host_alias=''
host_cpu='i686'
host_os='linux-gnu'
host_vendor='pc'
includedir='${prefix}/include'
infodir='${prefix}/info'
install_sh='/home/ultra/rtorrent-0.6.4/install-sh'
libdir='${exec_prefix}/lib'
libexecdir='${exec_prefix}/libexec'
localstatedir='${prefix}/var'
mandir='${prefix}/man'
mkdir_p='mkdir -p --'
oldincludedir='/usr/include'
prefix='/usr/local'
program_transform_name='s,x,x,'
sbindir='${exec_prefix}/sbin'
sharedstatedir='${prefix}/com'
sysconfdir='${prefix}/etc'
target_alias=''

## ----------- ##
## confdefs.h. ##
## ----------- ##

#define FS_STAT_BLOCK_SIZE (m_stat.f_frsize)
#define FS_STAT_COUNT_TYPE fsblkcnt_t
#define FS_STAT_FD fstatvfs(fd, &m_stat) == 0
#define FS_STAT_FN statvfs(fn, &m_stat) == 0
#define FS_STAT_SIZE_TYPE unsigned long
#define FS_STAT_STRUCT struct statvfs
#define HAVE_CONFIG_H 1
#define HAVE_DLFCN_H 1
#define HAVE_INTTYPES_H 1
#define HAVE_MEMORY_H 1
#define HAVE_STDINT_H 1
#define HAVE_STDLIB_H 1
#define HAVE_STRINGS_H 1
#define HAVE_STRING_H 1
#define HAVE_SYS_STATFS_H 1
#define HAVE_SYS_STATVFS_H 1
#define HAVE_SYS_STAT_H 1
#define HAVE_SYS_TYPES_H 1
#define HAVE_SYS_VFS_H 1
#define HAVE_UNISTD_H 1
#define PACKAGE "rtorrent"
#define PACKAGE_BUGREPORT "jaris@ifi.uio.no"
#define PACKAGE_NAME "rtorrent"
#define PACKAGE_STRING "rtorrent 0.6.4"
#define PACKAGE_TARNAME "rtorrent"
#define PACKAGE_VERSION "0.6.4"
#define STDC_HEADERS 1
#define SUPPORT_ATTRIBUTE_UNUSED 1
#define USER_AGENT std::string(PACKAGE "/" VERSION "/") + torrent::version()
#define USE_EXECINFO 1
#define USE_VARIABLE_FDSET 1
#define VERSION "0.6.4"
#define _FILE_OFFSET_BITS 64
#define __UNUSED __attribute__((unused))
#endif
#ifdef __cplusplus
extern "C" void std::exit (int) throw (); using std::exit;

configure: exit 0
